<?xml version="1.0" encoding="UTF-8"?>
<!-- Generated by org.testng.reporters.JUnitReportReporter -->
<testsuite hostname="Asus" failures="0" tests="1" name="Practice.Test1" time="20.627" errors="0" timestamp="2023-07-06T13:00:15 IST" skipped="0">
  <testcase classname="Practice.Test1" name="m1" time="20.627"/>
  <system-out/>
</testsuite> <!-- Practice.Test1 -->
